    Program Name:           Temperature Converter 
    Developer Name:         Neil Ahlawat          
    Purpose:                DEV                   
    Date:                   Thu 07/25/2024_11:09:04.27         
ECHO is off.
    Program Name:           Temperature Converter 
    Developer Name:         Neil Ahlawat          
    Purpose:                DEV                   
    Date:                   Thu 07/25/2024_11:10:15.88         
ECHO is off.
    Program Name:           Temperature Converter 
    Developer Name:         Neil Ahlawat          
    Purpose:                DEV                   
    Date:                   Thu 07/25/2024_11:10:30.31         
ECHO is off.
    Program Name:           Temperature Converter 
    Developer Name:         Neil Ahlawat          
    Purpose:                DEV                   
    Date:                   Thu 07/25/2024_11:10:50.84         
ECHO is off.
    Program Name:           Temperature Converter 
    Developer Name:         Neil Ahlawat          
    Purpose:                DEV                   
    Date:                   Thu 07/25/2024 11:33:30.14         
ECHO is off.
    Program Name:           Temperature Converter 
    Developer Name:         Neil Ahlawat          
    Purpose:                DEV                   
    Date:                   Thu 07/25/2024 11:34:39.06         
ECHO is off.
    Program Name:           Temperature Converter 
    Developer Name:         Neil Ahlawat          
    Purpose:                DEV                   
    Date:                   Thu 07/25/2024 11:36:39.48         
ECHO is off.
    Program Name:           Temperature Converter 
    Developer Name:         Neil Ahlawat          
    Purpose:                DEV                   
    Date:                   Thu 07/25/2024 11:39:23.28         
ECHO is off.
    Program Name:           Temperature Converter 
    Developer Name:         Neil Ahlawat          
    Purpose:                DEV                   
    Date:                   Thu 07/25/2024 11:43:15.68         
ECHO is off.
    Program Name:           Temperature Converter 
    Developer Name:         Neil Ahlawat          
    Purpose:                DEV                   
    Date:                   Thu 07/25/2024 11:43:55.55         
ECHO is off.
    Program Name:           Temperature Converter 
    Developer Name:         Neil Ahlawat          
    Purpose:                DEV                   
    Date:                   Thu 07/25/2024 11:54:27.71         
ECHO is off.
    Program Name:           Temperature Converter 
    Developer Name:         Neil Ahlawat          
    Purpose:                DEV                   
    Date:                   Thu 07/25/2024 11:55:35.81         
ECHO is off.
    Program Name:           Temperature Converter 
    Developer Name:         Neil Ahlawat          
    Purpose:                DEV                   
    Date:                   Thu 07/25/2024 11:56:36.55         
ECHO is off.
    Program Name:           Temperature Converter 
    Developer Name:         Neil Ahlawat          
    Purpose:                DEV                   
    Date:                   Thu 07/25/2024 11:57:08.54         
ECHO is off.
    Program Name:           Temperature Converter 
    Developer Name:         Neil Ahlawat          
    Purpose:                DEV                   
    Date:                   Thu 07/25/2024 11:58:22.35         
ECHO is off.
    Program Name:           Temperature Converter 
    Developer Name:         Neil Ahlawat          
    Purpose:                DEV                   
    Date:                   Thu 07/25/2024 11:59:20.67         
ECHO is off.
    Program Name:           Temperature Converter 
    Developer Name:         Neil Ahlawat          
    Purpose:                DEV                   
    Date:                   Thu 07/25/2024 12:01:14.22         
ECHO is off.
    Program Name:           Temperature Converter 
    Developer Name:         Neil Ahlawat          
    Purpose:                DEV                   
    Date:                   Thu 07/25/2024 12:02:56.15         
ECHO is off.
    Program Name:           Temperature Converter 
    Developer Name:         Neil Ahlawat          
    Purpose:                DEV                   
    Date:                   Thu 07/25/2024 12:30:58.90         
ECHO is off.
    Program Name:           Temperature Converter 
    Developer Name:         Neil Ahlawat          
    Purpose:                DEV                   
    Date:                   Thu 07/25/2024 12:38:46.07         
ECHO is off.
    Program Name:           Temperature Converter 
    Developer Name:         Neil Ahlawat          
    Purpose:                DEV                   
    Date:                   Thu 07/25/2024 12:41:53.03         
ECHO is off.
    Program Name:           Temperature Converter 
    Developer Name:         Neil Ahlawat          
    Purpose:                DEV                   
    Date:                   Thu 07/25/2024 12:45:21.20         
ECHO is off.
    Program Name:           Temperature Converter 
    Developer Name:         Neil Ahlawat          
    Purpose:                DEV                   
    Date:                   Thu 07/25/2024 12:49:15.15         
ECHO is off.
    Program Name:           Temperature Converter 
    Developer Name:         Neil Ahlawat          
    Purpose:                DEV                   
    Date:                   Thu 07/25/2024 12:59:43.38         
ECHO is off.
    Program Name:           Temperature Converter 
    Developer Name:         Neil Ahlawat          
    Purpose:                DEV                   
    Date:                   Thu 07/25/2024 13:00:33.95         
ECHO is off.
    Program Name:           Temperature Converter 
    Developer Name:         Neil Ahlawat          
    Purpose:                DEV                   
    Date:                   Thu 07/25/2024 13:01:39.58         
ECHO is off.
    Program Name:           Temperature Converter 
    Developer Name:         Neil Ahlawat          
    Purpose:                DEV                   
    Date:                   Thu 07/25/2024 21:26:07.22         
ECHO is off.
    Program Name:           Temperature Converter 
    Developer Name:         Neil Ahlawat          
    Purpose:                DEV                   
    Date:                   Thu 07/25/2024 21:52:32.40         
ECHO is off.
    Program Name:           Temperature Converter 
    Developer Name:         Neil Ahlawat          
    Purpose:                DEV                   
    Date:                   Thu 07/25/2024 22:22:55.40         
ECHO is off.
    Program Name:           Temperature Converter 
    Developer Name:         Neil Ahlawat          
    Purpose:                DEV                   
    Date:                   Tue 07/30/2024  8:23:27.71         
ECHO is off.
    Program Name:           Temperature Converter 
    Developer Name:         Neil Ahlawat          
    Purpose:                DEV                   
    Date:                   Wed 07/31/2024 12:51:03.86         
ECHO is off.
    Program Name:           Temperature Converter 
    Developer Name:         Neil Ahlawat          
    Purpose:                DEV                   
    Date:                   Thu 08/01/2024 10:11:22.50         
ECHO is off.
    Program Name:           Temperature Converter 
    Developer Name:         Neil Ahlawat          
    Purpose:                DEV                   
    Date:                   Fri 08/02/2024 16:15:22.35         
ECHO is off.
    Program Name:           Temperature Converter 
    Developer Name:         Neil Ahlawat          
    Purpose:                DEV                   
    Date:                   Fri 08/02/2024 16:33:48.40         
ECHO is off.
    Program Name:           Temperature Converter 
    Developer Name:         Neil Ahlawat          
    Purpose:                DEV                   
    Date:                   Fri 08/02/2024 17:12:22.68         
ECHO is off.
    Program Name:           Temperature Converter 
    Developer Name:         Neil Ahlawat          
    Purpose:                DEV                   
    Date:                   Fri 08/02/2024 17:13:51.86         
ECHO is off.
    Program Name:           Temperature Converter 
    Developer Name:         Neil Ahlawat          
    Purpose:                DEV                   
    Date:                   Fri 08/02/2024 17:20:40.18         
ECHO is off.
    Program Name:           Temperature Converter 
    Developer Name:         Neil Ahlawat          
    Purpose:                DEV                   
    Date:                   Mon 08/05/2024 13:35:34.34         
ECHO is off.
    Program Name:           Temperature Converter 
    Developer Name:         Neil Ahlawat          
    Purpose:                DEV                   
    Date:                   Wed 08/07/2024 16:20:36.52         
ECHO is off.
    Program Name:           Temperature Converter 
    Developer Name:         Neil Ahlawat          
    Purpose:                DEV                   
    Date:                   Tue 08/13/2024 15:02:47.79         
ECHO is off.
    Program Name:           Temperature Converter 
    Developer Name:         Neil Ahlawat          
    Purpose:                DEV                   
    Date:                   Tue 08/13/2024 15:08:34.51         
ECHO is off.
    Program Name:           Temperature Converter 
    Developer Name:         Neil Ahlawat          
    Purpose:                DEV                   
    Date:                   Tue 08/13/2024 15:13:11.01         
ECHO is off.
    Program Name:           Temperature Converter 
    Developer Name:         Neil Ahlawat          
    Purpose:                DEV                   
    Date:                   Tue 08/13/2024 17:24:01.78         
ECHO is off.
    Program Name:           Temperature Converter 
    Developer Name:         Neil Ahlawat          
    Purpose:                DEV                   
    Date:                   Tue 08/13/2024 17:45:53.31         
ECHO is off.
    Program Name:           Temperature Converter 
    Developer Name:         Neil Ahlawat          
    Purpose:                DEV                   
    Date:                   Tue 08/13/2024 17:49:23.45         
ECHO is off.
    Program Name:           Temperature Converter 
    Developer Name:         Neil Ahlawat          
    Purpose:                DEV                   
    Date:                   Tue 08/13/2024 21:26:38.93         
ECHO is off.
    Program Name:           Temperature Converter 
    Developer Name:         Neil Ahlawat          
    Purpose:                DEV                   
    Date:                   Tue 08/13/2024 21:26:42.70         
ECHO is off.
    Program Name:           Temperature Converter 
    Developer Name:         Neil Ahlawat          
    Purpose:                DEV                   
    Date:                   Tue 08/20/2024 11:05:36.46         
ECHO is off.
    Program Name:           Temperature Converter 
    Developer Name:         Neil Ahlawat          
    Purpose:                DEV                   
    Date:                   Tue 08/20/2024 11:08:10.73         
ECHO is off.
    Program Name:           Temperature Converter 
    Developer Name:         Neil Ahlawat          
    Purpose:                DEV                   
    Date:                   Tue 08/20/2024 13:09:44.29         
ECHO is off.
    Program Name:           Temperature Converter 
    Developer Name:         Neil Ahlawat          
    Purpose:                DEV                   
    Date:                   Tue 08/20/2024 15:01:03.54         
ECHO is off.
    Program Name:           Temperature Converter 
    Developer Name:         Neil Ahlawat          
    Purpose:                DEV                   
    Date:                   Wed 08/21/2024  7:17:06.54         
ECHO is off.
    Program Name:           Temperature Converter 
    Developer Name:         Neil Ahlawat          
    Purpose:                DEV                   
    Date:                   Wed 08/21/2024 13:48:37.66         
ECHO is off.
    Program Name:           Temperature Converter 
    Developer Name:         Neil Ahlawat          
    Purpose:                DEV                   
    Date:                   Tue 09/03/2024  3:40:11.53         
ECHO is off.
    Program Name:           Temperature Converter 
    Developer Name:         Neil Ahlawat          
    Purpose:                DEV                   
    Date:                   Tue 09/03/2024  4:43:03.88         
ECHO is off.
    Program Name:           Temperature Converter 
    Developer Name:         Neil Ahlawat          
    Purpose:                DEV                   
    Date:                   Tue 09/03/2024  4:58:23.01         
ECHO is off.
    Program Name:           Temperature Converter 
    Developer Name:         Neil Ahlawat          
    Purpose:                DEV                   
    Date:                   Tue 09/10/2024  2:43:23.87         
ECHO is off.
    Program Name:           Temperature Converter 
    Developer Name:         Neil Ahlawat          
    Purpose:                DEV                   
    Date:                   Wed 09/11/2024  9:54:55.43         
ECHO is off.
    Program Name:           Temperature Converter 
    Developer Name:         Neil Ahlawat          
    Purpose:                DEV                   
    Date:                   Thu 09/12/2024 10:09:15.51         
ECHO is off.
    Program Name:           Temperature Converter 
    Developer Name:         Neil Ahlawat          
    Purpose:                DEV                   
    Date:                   Mon 09/16/2024  5:06:12.26         
ECHO is off.
    Program Name:           Temperature Converter 
    Developer Name:         Neil Ahlawat          
    Purpose:                DEV                   
    Date:                   Mon 09/16/2024  5:18:41.09         
ECHO is off.
    Program Name:           Temperature Converter 
    Developer Name:         Neil Ahlawat          
    Purpose:                DEV                   
    Date:                   Mon 09/16/2024 10:07:33.21         
ECHO is off.
    Program Name:           Temperature Converter 
    Developer Name:         Neil Ahlawat          
    Purpose:                DEV                   
    Date:                   Mon 09/16/2024 10:11:03.25         
ECHO is off.
    Program Name:           Temperature Converter 
    Developer Name:         Neil Ahlawat          
    Purpose:                DEV                   
    Date:                   Mon 09/16/2024 10:18:30.51         
ECHO is off.
    Program Name:           Temperature Converter 
    Developer Name:         Neil Ahlawat          
    Purpose:                DEV                   
    Date:                   Tue 09/24/2024  3:47:25.35         
ECHO is off.
    Program Name:           Temperature Converter 
    Developer Name:         Neil Ahlawat          
    Purpose:                DEV                   
    Date:                   Tue 09/24/2024  4:54:27.43         
ECHO is off.
    Program Name:           Temperature Converter 
    Developer Name:         Neil Ahlawat          
    Purpose:                DEV                   
    Date:                   Wed 10/02/2024 14:05:47.62         
ECHO is off.
    Program Name:           Temperature Converter 
    Developer Name:         Neil Ahlawat          
    Purpose:                DEV                   
    Date:                   Tue 10/15/2024 23:39:46.86         
ECHO is off.
    Program Name:           Temperature Converter 
    Developer Name:         Neil Ahlawat          
    Purpose:                DEV                   
    Date:                   Wed 10/16/2024  1:01:12.69         
ECHO is off.
    Program Name:           Temperature Converter 
    Developer Name:         Neil Ahlawat          
    Purpose:                DEV                   
    Date:                   Thu 10/17/2024 14:20:54.36         
ECHO is off.
    Program Name:           Temperature Converter 
    Developer Name:         Neil Ahlawat          
    Purpose:                DEV                   
    Date:                   Thu 10/17/2024 17:12:34.51         
ECHO is off.
    Program Name:           Temperature Converter 
    Developer Name:         Neil Ahlawat          
    Purpose:                DEV                   
    Date:                   Thu 10/17/2024 23:18:44.10         
ECHO is off.
    Program Name:           Temperature Converter 
    Developer Name:         Neil Ahlawat          
    Purpose:                DEV                   
    Date:                   Thu 10/17/2024 23:52:35.40         
ECHO is off.
    Program Name:           Temperature Converter 
    Developer Name:         Neil Ahlawat          
    Purpose:                DEV                   
    Date:                   Thu 10/17/2024 23:54:15.34         
ECHO is off.
    Program Name:           Temperature Converter 
    Developer Name:         Neil Ahlawat          
    Purpose:                DEV                   
    Date:                   Thu 10/17/2024 23:57:09.81         
ECHO is off.
    Program Name:           Temperature Converter 
    Developer Name:         Neil Ahlawat          
    Purpose:                DEV                   
    Date:                   Fri 10/18/2024  0:22:58.27         
ECHO is off.
    Program Name:           Temperature Converter 
    Developer Name:         Neil Ahlawat          
    Purpose:                DEV                   
    Date:                   Fri 10/18/2024  0:33:08.19         
ECHO is off.
    Program Name:           Temperature Converter 
    Developer Name:         Neil Ahlawat          
    Purpose:                DEV                   
    Date:                   Fri 10/18/2024  2:49:04.66         
ECHO is off.
    Program Name:           Temperature Converter 
    Developer Name:         Neil Ahlawat          
    Purpose:                DEV                   
    Date:                   Fri 10/18/2024  3:46:58.89         
ECHO is off.
    Program Name:           Temperature Converter 
    Developer Name:         Neil Ahlawat          
    Purpose:                DEV                   
    Date:                   Fri 10/18/2024  4:14:21.58         
ECHO is off.
    Program Name:           Temperature Converter 
    Developer Name:         Neil Ahlawat          
    Purpose:                DEV                   
    Date:                   Tue 10/22/2024  2:01:37.51         
ECHO is off.
    Program Name:           Temperature Converter 
    Developer Name:         Neil Ahlawat          
    Purpose:                DEV                   
    Date:                   Tue 10/22/2024  4:23:43.46         
ECHO is off.
    Program Name:           Temperature Converter 
    Developer Name:         Neil Ahlawat          
    Purpose:                DEV                   
    Date:                   Tue 10/22/2024  4:54:01.49         
ECHO is off.
    Program Name:           Temperature Converter 
    Developer Name:         Neil Ahlawat          
    Purpose:                DEV                   
    Date:                   Tue 10/22/2024  5:00:53.93         
ECHO is off.
    Program Name:           Temperature Converter 
    Developer Name:         Neil Ahlawat          
    Purpose:                DEV                   
    Date:                   Tue 10/22/2024  5:04:47.66         
ECHO is off.
    Program Name:           Temperature Converter 
    Developer Name:         Neil Ahlawat          
    Purpose:                DEV                   
    Date:                   Sat 11/02/2024  3:33:15.90         
ECHO is off.
    Program Name:           Temperature Converter 
    Developer Name:         Neil Ahlawat          
    Purpose:                DEV                   
    Date:                   Sat 11/02/2024  6:30:13.26         
ECHO is off.
    Program Name:           Temperature Converter 
    Developer Name:         Neil Ahlawat          
    Purpose:                DEV                   
    Date:                   Tue 11/05/2024  1:28:07.29         
ECHO is off.
    Program Name:           Temperature Converter 
    Developer Name:         Neil Ahlawat          
    Purpose:                DEV                   
    Date:                   Tue 11/05/2024  3:48:07.98         
ECHO is off.
    Program Name:           Temperature Converter 
    Developer Name:         Neil Ahlawat          
    Purpose:                DEV                   
    Date:                   Tue 11/05/2024  4:02:59.69         
ECHO is off.
    Program Name:           Temperature Converter 
    Developer Name:         Neil Ahlawat          
    Purpose:                DEV                   
    Date:                   Tue 11/05/2024  4:18:10.87         
ECHO is off.
    Program Name:           Temperature Converter 
    Developer Name:         Neil Ahlawat          
    Purpose:                DEV                   
    Date:                   Wed 11/06/2024  7:15:10.95         
ECHO is off.
    Program Name:           Temperature Converter 
    Developer Name:         Neil Ahlawat          
    Purpose:                DEV                   
    Date:                   Fri 11/08/2024  8:58:41.66         
ECHO is off.
    Program Name:           Temperature Converter 
    Developer Name:         Neil Ahlawat          
    Purpose:                DEV                   
    Date:                   Fri 11/08/2024  8:59:23.84         
ECHO is off.
    Program Name:           Temperature Converter 
    Developer Name:         Neil Ahlawat          
    Purpose:                DEV                   
    Date:                   Fri 11/08/2024  9:51:11.78         
ECHO is off.
    Program Name:           Temperature Converter 
    Developer Name:         Neil Ahlawat          
    Purpose:                DEV                   
    Date:                   Fri 11/08/2024 15:04:51.11         
ECHO is off.
    Program Name:           Temperature Converter 
    Developer Name:         Neil Ahlawat          
    Purpose:                DEV                   
    Date:                   Fri 11/08/2024 15:47:46.53         
ECHO is off.
    Program Name:           Temperature Converter 
    Developer Name:         Neil Ahlawat          
    Purpose:                DEV                   
    Date:                   Fri 11/08/2024 16:52:04.00         
ECHO is off.
    Program Name:           Temperature Converter 
    Developer Name:         Neil Ahlawat          
    Purpose:                DEV                   
    Date:                   Fri 11/08/2024 17:41:40.91         
ECHO is off.
    Program Name:           Temperature Converter 
    Developer Name:         Neil Ahlawat          
    Purpose:                DEV                   
    Date:                   Fri 11/08/2024 17:51:41.02         
ECHO is off.
    Program Name:           Temperature Converter 
    Developer Name:         Neil Ahlawat          
    Purpose:                DEV                   
    Date:                   Fri 11/08/2024 18:01:24.26         
ECHO is off.
    Program Name:           Temperature Converter 
    Developer Name:         Neil Ahlawat          
    Purpose:                DEV                   
    Date:                   Fri 11/08/2024 18:41:31.40         
ECHO is off.
    Program Name:           Temperature Converter 
    Developer Name:         Neil Ahlawat          
    Purpose:                DEV                   
    Date:                   Fri 11/08/2024 18:42:42.24         
ECHO is off.
    Program Name:           Temperature Converter 
    Developer Name:         Neil Ahlawat          
    Purpose:                DEV                   
    Date:                   Fri 11/08/2024 19:01:17.06         
ECHO is off.
    Program Name:           Temperature Converter 
    Developer Name:         Neil Ahlawat          
    Purpose:                DEV                   
    Date:                   Fri 11/08/2024 19:13:44.81         
ECHO is off.
    Program Name:           Temperature Converter 
    Developer Name:         Neil Ahlawat          
    Purpose:                DEV                   
    Date:                   Fri 11/08/2024 19:32:19.99         
ECHO is off.
    Program Name:           Temperature Converter 
    Developer Name:         Neil Ahlawat          
    Purpose:                DEV                   
    Date:                   Fri 11/08/2024 19:39:35.69         
ECHO is off.
    Program Name:           Temperature Converter 
    Developer Name:         Neil Ahlawat          
    Purpose:                DEV                   
    Date:                   Fri 11/08/2024 19:46:28.29         
ECHO is off.
    Program Name:           Temperature Converter 
    Developer Name:         Neil Ahlawat          
    Purpose:                DEV                   
    Date:                   Fri 11/08/2024 20:09:19.81         
ECHO is off.
    Program Name:           Temperature Converter 
    Developer Name:         Neil Ahlawat          
    Purpose:                DEV                   
    Date:                   Sat 11/09/2024  4:12:11.20         
ECHO is off.
    Program Name:           Temperature Converter 
    Developer Name:         Neil Ahlawat          
    Purpose:                DEV                   
    Date:                   Sat 11/09/2024  4:41:46.70         
ECHO is off.
    Program Name:           Temperature Converter 
    Developer Name:         Neil Ahlawat          
    Purpose:                DEV                   
    Date:                   Sun 11/10/2024 14:45:14.29         
ECHO is off.
    Program Name:           Temperature Converter 
    Developer Name:         Neil Ahlawat          
    Purpose:                DEV                   
    Date:                   Sun 11/10/2024 14:49:03.00         
ECHO is off.
    Program Name:           Temperature Converter 
    Developer Name:         Neil Ahlawat          
    Purpose:                DEV                   
    Date:                   Mon 11/11/2024 10:35:34.87         
ECHO is off.
    Program Name:           Temperature Converter 
    Developer Name:         Neil Ahlawat          
    Purpose:                DEV                   
    Date:                   Mon 11/11/2024 13:47:38.88         
ECHO is off.
    Program Name:           Temperature Converter 
    Developer Name:         Neil Ahlawat          
    Purpose:                DEV                   
    Date:                   Mon 11/11/2024 14:16:03.75         
ECHO is off.
    Program Name:           Temperature Converter 
    Developer Name:         Neil Ahlawat          
    Purpose:                DEV                   
    Date:                   Mon 11/11/2024 14:29:20.68         
ECHO is off.
    Program Name:           Temperature Converter 
    Developer Name:         Neil Ahlawat          
    Purpose:                DEV                   
    Date:                   Mon 11/11/2024 14:44:14.88         
ECHO is off.
    Program Name:           Temperature Converter 
    Developer Name:         Neil Ahlawat          
    Purpose:                DEV                   
    Date:                   Mon 11/11/2024 14:46:26.78         
ECHO is off.
    Program Name:           Temperature Converter 
    Developer Name:         Neil Ahlawat          
    Purpose:                DEV                   
    Date:                   Mon 11/11/2024 16:07:13.88         
ECHO is off.
    Program Name:           Temperature Converter 
    Developer Name:         Neil Ahlawat          
    Purpose:                DEV                   
    Date:                   Mon 11/11/2024 16:24:52.38         
ECHO is off.
    Program Name:           Temperature Converter 
    Developer Name:         Neil Ahlawat          
    Purpose:                DEV                   
    Date:                   Tue 11/12/2024 18:36:25.53         
ECHO is off.
    Program Name:           Temperature Converter 
    Developer Name:         Neil Ahlawat          
    Purpose:                DEV                   
    Date:                   Tue 11/12/2024 18:42:27.77         
ECHO is off.
    Program Name:           Temperature Converter 
    Developer Name:         Neil Ahlawat          
    Purpose:                DEV                   
    Date:                   Wed 11/13/2024 10:23:51.61         
ECHO is off.
    Program Name:           Temperature Converter 
    Developer Name:         Neil Ahlawat          
    Purpose:                DEV                   
    Date:                   Wed 11/27/2024  9:25:07.75         
ECHO is off.
    Program Name:           Temperature Converter 
    Developer Name:         Neil Ahlawat          
    Purpose:                DEV                   
    Date:                   Wed 11/27/2024 19:05:06.98         
ECHO is off.
    Program Name:           Temperature Converter 
    Developer Name:         Neil Ahlawat          
    Purpose:                DEV                   
    Date:                   Sat 11/30/2024 15:12:55.83         
ECHO is off.
    Program Name:           Temperature Converter 
    Developer Name:         Neil Ahlawat          
    Purpose:                DEV                   
    Date:                   Sat 11/30/2024 16:18:19.89         
ECHO is off.
    Program Name:           Temperature Converter 
    Developer Name:         Neil Ahlawat          
    Purpose:                DEV                   
    Date:                   Sat 11/30/2024 17:38:15.61         
ECHO is off.
    Program Name:           Temperature Converter 
    Developer Name:         Neil Ahlawat          
    Purpose:                DEV                   
    Date:                   Sat 11/30/2024 17:50:26.02         
ECHO is off.
    Program Name:           Temperature Converter 
    Developer Name:         Neil Ahlawat          
    Purpose:                DEV                   
    Date:                   Sun 12/01/2024  0:44:30.77         
ECHO is off.
    Program Name:           Temperature Converter 
    Developer Name:         Neil Ahlawat          
    Purpose:                DEV                   
    Date:                   Sun 12/01/2024  0:45:32.15         
ECHO is off.
    Program Name:           Temperature Converter 
    Developer Name:         Neil Ahlawat          
    Purpose:                DEV                   
    Date:                   Sun 12/01/2024 19:50:24.34         
ECHO is off.
    Program Name:           Temperature Converter 
    Developer Name:         Neil Ahlawat          
    Purpose:                DEV                   
    Date:                   Sun 12/01/2024 20:25:18.45         
ECHO is off.
    Program Name:           Temperature Converter 
    Developer Name:         Neil Ahlawat          
    Purpose:                DEV                   
    Date:                   Sun 12/01/2024 21:29:29.93         
ECHO is off.
    Program Name:           Temperature Converter 
    Developer Name:         Neil Ahlawat          
    Purpose:                DEV                   
    Date:                   Thu 12/05/2024 17:15:31.66         
ECHO is off.
    Program Name:           Temperature Converter 
    Developer Name:         Neil Ahlawat          
    Purpose:                DEV                   
    Date:                   Thu 12/05/2024 18:21:26.41         
ECHO is off.
    Program Name:           Temperature Converter 
    Developer Name:         Neil Ahlawat          
    Purpose:                DEV                   
    Date:                   Thu 12/05/2024 23:35:18.31         
ECHO is off.
    Program Name:           Temperature Converter 
    Developer Name:         Neil Ahlawat          
    Purpose:                DEV                   
    Date:                   Fri 12/06/2024  4:06:29.80         
ECHO is off.
    Program Name:           Temperature Converter 
    Developer Name:         Neil Ahlawat          
    Purpose:                DEV                   
    Date:                   Fri 12/06/2024 18:18:39.16         
ECHO is off.
    Program Name:           Temperature Converter 
    Developer Name:         Neil Ahlawat          
    Purpose:                DEV                   
    Date:                   Fri 12/06/2024 22:57:55.71         
ECHO is off.
    Program Name:           Temperature Converter 
    Developer Name:         Neil Ahlawat          
    Purpose:                DEV                   
    Date:                   Sun 12/08/2024 17:09:22.45         
ECHO is off.
    Program Name:           Temperature Converter 
    Developer Name:         Neil Ahlawat          
    Purpose:                DEV                   
    Date:                   Sun 12/08/2024 17:14:37.20         
ECHO is off.
    Program Name:           Temperature Converter 
    Developer Name:         Neil Ahlawat          
    Purpose:                DEV                   
    Date:                   Tue 12/10/2024 17:21:16.44         
ECHO is off.
    Program Name:           Temperature Converter 
    Developer Name:         Neil Ahlawat          
    Purpose:                DEV                   
    Date:                   Wed 12/11/2024 16:11:05.43         
ECHO is off.
    Program Name:           Temperature Converter 
    Developer Name:         Neil Ahlawat          
    Purpose:                DEV                   
    Date:                   Wed 12/11/2024 21:25:19.02         
ECHO is off.
    Program Name:           Temperature Converter 
    Developer Name:         Neil Ahlawat          
    Purpose:                DEV                   
    Date:                   Thu 12/12/2024 17:08:53.66         
ECHO is off.
    Program Name:           Temperature Converter 
    Developer Name:         Neil Ahlawat          
    Purpose:                DEV                   
    Date:                   Thu 12/12/2024 19:51:26.15         
ECHO is off.
    Program Name:           Temperature Converter 
    Developer Name:         Neil Ahlawat          
    Purpose:                DEV                   
    Date:                   Thu 12/12/2024 20:03:44.55         
ECHO is off.
    Program Name:           Temperature Converter 
    Developer Name:         Neil Ahlawat          
    Purpose:                DEV                   
    Date:                   Thu 12/12/2024 20:04:46.25         
ECHO is off.
    Program Name:           Temperature Converter 
    Developer Name:         Neil Ahlawat          
    Purpose:                DEV                   
    Date:                   Thu 12/12/2024 20:47:18.49         
ECHO is off.
    Program Name:           Temperature Converter 
    Developer Name:         Neil Ahlawat          
    Purpose:                DEV                   
    Date:                   Thu 12/12/2024 21:16:47.26         
ECHO is off.
    Program Name:           Temperature Converter 
    Developer Name:         Neil Ahlawat          
    Purpose:                DEV                   
    Date:                   Thu 12/12/2024 21:38:15.66         
ECHO is off.
    Program Name:           Temperature Converter 
    Developer Name:         Neil Ahlawat          
    Purpose:                DEV                   
    Date:                   Thu 12/12/2024 22:03:44.57         
ECHO is off.
    Program Name:           Temperature Converter 
    Developer Name:         Neil Ahlawat          
    Purpose:                DEV                   
    Date:                   Fri 12/13/2024 11:48:30.37         
ECHO is off.
    Program Name:           Temperature Converter 
    Developer Name:         Neil Ahlawat          
    Purpose:                DEV                   
    Date:                   Mon 12/16/2024 22:42:38.50         
ECHO is off.
    Program Name:           Temperature Converter 
    Developer Name:         Neil Ahlawat          
    Purpose:                DEV                   
    Date:                   Tue 12/17/2024  3:23:38.01         
ECHO is off.
    Program Name:           Temperature Converter 
    Developer Name:         Neil Ahlawat          
    Purpose:                DEV                   
    Date:                   Tue 12/17/2024  3:52:42.52         
ECHO is off.
    Program Name:           Temperature Converter 
    Developer Name:         Neil Ahlawat          
    Purpose:                DEV                   
    Date:                   Tue 12/17/2024 15:11:13.12         
ECHO is off.
    Program Name:           Temperature Converter 
    Developer Name:         Neil Ahlawat          
    Purpose:                DEV                   
    Date:                   Tue 12/17/2024 15:46:11.18         
ECHO is off.
    Program Name:           Temperature Converter 
    Developer Name:         Neil Ahlawat          
    Purpose:                DEV                   
    Date:                   Tue 12/17/2024 16:23:48.31         
ECHO is off.
    Program Name:           Temperature Converter 
    Developer Name:         Neil Ahlawat          
    Purpose:                DEV                   
    Date:                   Tue 12/17/2024 17:41:25.41         
ECHO is off.
    Program Name:           Temperature Converter 
    Developer Name:         Neil Ahlawat          
    Purpose:                DEV                   
    Date:                   Tue 12/17/2024 18:05:38.11         
ECHO is off.
    Program Name:           Temperature Converter 
    Developer Name:         Neil Ahlawat          
    Purpose:                DEV                   
    Date:                   Tue 12/17/2024 19:24:10.70         
ECHO is off.
    Program Name:           Temperature Converter 
    Developer Name:         Neil Ahlawat          
    Purpose:                DEV                   
    Date:                   Tue 12/17/2024 19:34:52.23         
ECHO is off.
    Program Name:           Temperature Converter 
    Developer Name:         Neil Ahlawat          
    Purpose:                DEV                   
    Date:                   Wed 12/18/2024 19:02:05.28         
ECHO is off.
    Program Name:           Temperature Converter 
    Developer Name:         Neil Ahlawat          
    Purpose:                DEV                   
    Date:                   Wed 12/18/2024 19:16:39.39         
ECHO is off.
    Program Name:           Temperature Converter 
    Developer Name:         Neil Ahlawat          
    Purpose:                DEV                   
    Date:                   Thu 12/19/2024  1:02:14.77         
ECHO is off.
    Program Name:           Temperature Converter 
    Developer Name:         Neil Ahlawat          
    Purpose:                DEV                   
    Date:                   Thu 12/19/2024  1:05:11.45         
ECHO is off.
    Program Name:           Temperature Converter 
    Developer Name:         Neil Ahlawat          
    Purpose:                DEV                   
    Date:                   Thu 12/19/2024  3:22:09.08         
ECHO is off.
    Program Name:           Temperature Converter 
    Developer Name:         Neil Ahlawat          
    Purpose:                DEV                   
    Date:                   Thu 12/19/2024 22:09:06.87         
ECHO is off.
    Program Name:           Temperature Converter 
    Developer Name:         Neil Ahlawat          
    Purpose:                DEV                   
    Date:                   Thu 12/19/2024 22:11:45.67         
ECHO is off.
    Program Name:           Temperature Converter 
    Developer Name:         Neil Ahlawat          
    Purpose:                DEV                   
    Date:                   Thu 12/19/2024 22:52:40.25         
ECHO is off.
    Program Name:           Temperature Converter 
    Developer Name:         Neil Ahlawat          
    Purpose:                DEV                   
    Date:                   Thu 12/19/2024 23:06:32.19         
ECHO is off.
    Program Name:           Temperature Converter 
    Developer Name:         Neil Ahlawat          
    Purpose:                DEV                   
    Date:                   Fri 12/20/2024 16:14:14.13         
ECHO is off.
    Program Name:           Temperature Converter 
    Developer Name:         Neil Ahlawat          
    Purpose:                DEV                   
    Date:                   Sat 12/21/2024 20:04:08.57         
ECHO is off.
    Program Name:           Temperature Converter 
    Developer Name:         Neil Ahlawat          
    Purpose:                DEV                   
    Date:                   Sat 12/21/2024 20:20:32.80         
ECHO is off.
    Program Name:           Temperature Converter 
    Developer Name:         Neil Ahlawat          
    Purpose:                DEV                   
    Date:                   Sat 12/21/2024 20:25:02.87         
ECHO is off.
    Program Name:           Temperature Converter 
    Developer Name:         Neil Ahlawat          
    Purpose:                DEV                   
    Date:                   Sun 12/22/2024 15:56:39.09         
ECHO is off.
    Program Name:           Temperature Converter 
    Developer Name:         Neil Ahlawat          
    Purpose:                DEV                   
    Date:                   Wed 12/25/2024 20:23:52.14         
ECHO is off.
    Program Name:           Temperature Converter 
    Developer Name:         Neil Ahlawat          
    Purpose:                DEV                   
    Date:                   Wed 12/25/2024 20:27:48.06         
ECHO is off.
    Program Name:           Temperature Converter 
    Developer Name:         Neil Ahlawat          
    Purpose:                DEV                   
    Date:                   Wed 12/25/2024 20:38:19.22         
ECHO is off.
    Program Name:           Temperature Converter 
    Developer Name:         Neil Ahlawat          
    Purpose:                DEV                   
    Date:                   Wed 12/25/2024 20:42:38.02         
ECHO is off.
    Program Name:           Temperature Converter 
    Developer Name:         Neil Ahlawat          
    Purpose:                DEV                   
    Date:                   Wed 12/25/2024 20:47:04.64         
ECHO is off.
    Program Name:           Temperature Converter 
    Developer Name:         Neil Ahlawat          
    Purpose:                DEV                   
    Date:                   Tue 12/31/2024  9:50:45.46         
ECHO is off.
    Program Name:           Temperature Converter 
    Developer Name:         Neil Ahlawat          
    Purpose:                DEV                   
    Date:                   Tue 12/31/2024 10:09:39.72         
ECHO is off.
    Program Name:           Temperature Converter 
    Developer Name:         Neil Ahlawat          
    Purpose:                DEV                   
    Date:                   Tue 12/31/2024 10:22:40.71         
ECHO is off.
    Program Name:           Temperature Converter 
    Developer Name:         Neil Ahlawat          
    Purpose:                DEV                   
    Date:                   Thu 01/16/2025  0:58:25.41         
ECHO is off.
    Program Name:           Temperature Converter 
    Developer Name:         Neil Ahlawat          
    Purpose:                DEV                   
    Date:                   Tue 01/21/2025  8:49:57.28         
ECHO is off.
    Program Name:           Temperature Converter 
    Developer Name:         Neil Ahlawat          
    Purpose:                DEV                   
    Date:                   Sat 01/25/2025  8:17:12.85         
ECHO is off.
    Program Name:           Temperature Converter 
    Developer Name:         Neil Ahlawat          
    Purpose:                DEV                   
    Date:                   Thu 01/30/2025  7:27:01.88         
ECHO is off.
    Program Name:           Temperature Converter 
    Developer Name:         Neil Ahlawat          
    Purpose:                DEV                   
    Date:                   Wed 02/12/2025 13:55:40.62         
ECHO is off.
    Program Name:           Temperature Converter 
    Developer Name:         Neil Ahlawat          
    Purpose:                DEV                   
    Date:                   Wed 02/12/2025 14:10:56.07         
ECHO is off.
    Program Name:           Temperature Converter 
    Developer Name:         Neil Ahlawat          
    Purpose:                DEV                   
    Date:                   Wed 02/12/2025 14:31:54.80         
ECHO is off.
    Program Name:           Temperature Converter 
    Developer Name:         Neil Ahlawat          
    Purpose:                DEV                   
    Date:                   Wed 02/12/2025 14:43:12.74         
ECHO is off.
    Program Name:           Temperature Converter 
    Developer Name:         Neil Ahlawat          
    Purpose:                DEV                   
    Date:                   Wed 02/12/2025 15:31:04.25         
ECHO is off.
    Program Name:           Temperature Converter 
    Developer Name:         Neil Ahlawat          
    Purpose:                DEV                   
    Date:                   Wed 02/12/2025 15:39:35.00         
ECHO is off.
